# JRE version: Java(TM) SE Runtime Environment (17.0.8+9) (build 17.0.8+9-LTS-211)
# Java VM: Java HotSpot(TM) 64-Bit Server VM (17.0.8+9-LTS-211, mixed mode, sharing, tiered, compressed oops, compressed class ptrs, g1 gc, windows-amd64)
GC Precious Log:
 CPUs: 4 total, 4 available
 Memory: 8066M
 Large Page Support: Disabled
 NUMA Support: Disabled
 Compressed Oops: Enabled (32-bit)
 Heap Region Size: 1M
 Heap Min Capacity: 8M
 Heap Initial Capacity: 128M
 Heap Max Capacity: 2018M
 Pre-touch: Disabled
 Parallel Workers: 4
 Concurrent Workers: 1
 Concurrent Refinement Workers: 4
 Periodic GC: Disabled
Heap:
 garbage-first heap   total 48128K, used 18193K [0x0000000081e00000, 0x0000000100000000)
  region size 1024K, 6 young (6144K), 3 survivors (3072K)
 Metaspace       used 29301K, committed 29696K, reserved 1114112K
  class space    used 3637K, committed 3840K, reserved 1048576K
GC Heap History (10 events):
Event: 2.584 GC heap before
{Heap before GC invocations=0 (full 0):
 garbage-first heap   total 131072K, used 12288K [0x0000000081e00000, 0x0000000100000000)
  region size 1024K, 13 young (13312K), 0 survivors (0K)
 Metaspace       used 4068K, committed 4288K, reserved 1114112K
  class space    used 418K, committed 512K, reserved 1048576K
}
Event: 2.682 GC heap after
{Heap after GC invocations=1 (full 0):
 garbage-first heap   total 131072K, used 7775K [0x0000000081e00000, 0x0000000100000000)
  region size 1024K, 2 young (2048K), 2 survivors (2048K)
 Metaspace       used 4068K, committed 4288K, reserved 1114112K
  class space    used 418K, committed 512K, reserved 1048576K
}
Event: 4.882 GC heap before
{Heap before GC invocations=1 (full 0):
 garbage-first heap   total 131072K, used 18015K [0x0000000081e00000, 0x0000000100000000)
  region size 1024K, 12 young (12288K), 2 survivors (2048K)
 Metaspace       used 7090K, committed 7296K, reserved 1114112K
  class space    used 804K, committed 896K, reserved 1048576K
}
Event: 4.894 GC heap after
{Heap after GC invocations=2 (full 0):
 garbage-first heap   total 131072K, used 8578K [0x0000000081e00000, 0x0000000100000000)
  region size 1024K, 1 young (1024K), 1 survivors (1024K)
 Metaspace       used 7090K, committed 7296K, reserved 1114112K
  class space    used 804K, committed 896K, reserved 1048576K
}
Event: 6.744 GC heap before
{Heap before GC invocations=2 (full 0):
 garbage-first heap   total 131072K, used 28034K [0x0000000081e00000, 0x0000000100000000)
  region size 1024K, 21 young (21504K), 1 survivors (1024K)
 Metaspace       used 11522K, committed 11776K, reserved 1114112K
  class space    used 1298K, committed 1408K, reserved 1048576K
}
Event: 6.755 GC heap after
{Heap after GC invocations=3 (full 0):
 garbage-first heap   total 131072K, used 9833K [0x0000000081e00000, 0x0000000100000000)
  region size 1024K, 3 young (3072K), 3 survivors (3072K)
 Metaspace       used 11522K, committed 11776K, reserved 1114112K
  class space    used 1298K, committed 1408K, reserved 1048576K
}
Event: 14.910 GC heap before
{Heap before GC invocations=3 (full 0):
 garbage-first heap   total 131072K, used 49769K [0x0000000081e00000, 0x0000000100000000)
  region size 1024K, 43 young (44032K), 3 survivors (3072K)
 Metaspace       used 21215K, committed 21504K, reserved 1114112K
  class space    used 2607K, committed 2752K, reserved 1048576K
}
Event: 14.928 GC heap after
{Heap after GC invocations=4 (full 0):
 garbage-first heap   total 131072K, used 13606K [0x0000000081e00000, 0x0000000100000000)
  region size 1024K, 6 young (6144K), 6 survivors (6144K)
 Metaspace       used 21215K, committed 21504K, reserved 1114112K
  class space    used 2607K, committed 2752K, reserved 1048576K
}
Event: 40.792 GC heap before
{Heap before GC invocations=5 (full 0):
 garbage-first heap   total 48128K, used 36134K [0x0000000081e00000, 0x0000000100000000)
  region size 1024K, 28 young (28672K), 6 survivors (6144K)
 Metaspace       used 29050K, committed 29440K, reserved 1114112K
  class space    used 3619K, committed 3840K, reserved 1048576K
}
Event: 40.810 GC heap after
{Heap after GC invocations=6 (full 0):
 garbage-first heap   total 48128K, used 16145K [0x0000000081e00000, 0x0000000100000000)
  region size 1024K, 3 young (3072K), 3 survivors (3072K)
 Metaspace       used 29050K, committed 29440K, reserved 1114112K
  class space    used 3619K, committed 3840K, reserved 1048576K
}

